[07-Dec-2014 13:01:46 UTC] PHP Warning:  mysqli_connect() [<a href='function.mysqli-connect'>function.mysqli-connect</a>]: (28000/1045): Access denied for user 'BD65'@'localhost' (using password: YES) in Z:\home\ProjectX.org\www\PrX\library\hookup_bd.php on line 3

[07-Dec-2014 13:01:46 UTC] PHP Warning:  Cannot modify header information - headers already sent by (output started at Z:\home\ProjectX.org\www\PrX\library\hookup_bd.php:3) in Z:\home\ProjectX.org\www\PrX\library\hookup_bd.php on line 5

[07-Dec-2014 13:07:44 UTC] PHP Warning:  mysqli_connect() [<a href='function.mysqli-connect'>function.mysqli-connect</a>]: (28000/1045): Access denied for user 'BD65'@'localhost' (using password: YES) in Z:\home\ProjectX.org\www\PrX\library\hookup_bd.php on line 3

[07-Dec-2014 13:08:04 UTC] PHP Warning:  mysqli_connect() [<a href='function.mysqli-connect'>function.mysqli-connect</a>]: (28000/1045): Access denied for user 'BD65'@'localhost' (using password: YES) in Z:\home\ProjectX.org\www\PrX\library\hookup_bd.php on line 3

[07-Dec-2014 13:08:18 UTC] PHP Warning:  mysqli_connect() [<a href='function.mysqli-connect'>function.mysqli-connect</a>]: (28000/1045): Access denied for user 'BD65'@'localhost' (using password: YES) in Z:\home\ProjectX.org\www\PrX\library\hookup_bd.php on line 3

[08-Dec-2014 10:41:22 UTC] PHP Warning:  mysqli_connect() [<a href='function.mysqli-connect'>function.mysqli-connect</a>]: (28000/1045): Access denied for user 'BD65'@'localhost' (using password: YES) in Z:\home\ProjectX.org\www\PrX\library\hookup_bd.php on line 3

[08-Dec-2014 10:41:32 UTC] PHP Warning:  mysqli_connect() [<a href='function.mysqli-connect'>function.mysqli-connect</a>]: (28000/1045): Access denied for user 'BD65'@'localhost' (using password: YES) in Z:\home\ProjectX.org\www\PrX\library\hookup_bd.php on line 3

[08-Dec-2014 10:41:54 UTC] PHP Warning:  mysqli_connect() [<a href='function.mysqli-connect'>function.mysqli-connect</a>]: (28000/1045): Access denied for user 'BD65'@'localhost' (using password: YES) in Z:\home\ProjectX.org\www\PrX\library\hookup_bd.php on line 3

[08-Dec-2014 10:43:42 UTC] PHP Warning:  mysqli_connect() [<a href='function.mysqli-connect'>function.mysqli-connect</a>]: (28000/1045): Access denied for user 'BD35'@'localhost' (using password: YES) in Z:\home\ProjectX.org\www\PrX\library\hookup_bd.php on line 3

[08-Dec-2014 10:43:42 UTC] PHP Warning:  Cannot modify header information - headers already sent by (output started at Z:\home\ProjectX.org\www\PrX\library\hookup_bd.php:3) in Z:\home\ProjectX.org\www\PrX\library\hookup_bd.php on line 6

[08-Dec-2014 10:43:53 UTC] PHP Warning:  mysqli_connect() [<a href='function.mysqli-connect'>function.mysqli-connect</a>]: (28000/1045): Access denied for user 'BD35'@'localhost' (using password: YES) in Z:\home\ProjectX.org\www\PrX\library\hookup_bd.php on line 3

[08-Dec-2014 10:43:53 UTC] PHP Warning:  Cannot modify header information - headers already sent by (output started at Z:\home\ProjectX.org\www\PrX\library\hookup_bd.php:3) in Z:\home\ProjectX.org\www\PrX\library\hookup_bd.php on line 6

[08-Dec-2014 10:43:54 UTC] PHP Warning:  mysqli_connect() [<a href='function.mysqli-connect'>function.mysqli-connect</a>]: (28000/1045): Access denied for user 'BD35'@'localhost' (using password: YES) in Z:\home\ProjectX.org\www\PrX\library\hookup_bd.php on line 3

[08-Dec-2014 10:43:54 UTC] PHP Warning:  Cannot modify header information - headers already sent by (output started at Z:\home\ProjectX.org\www\PrX\library\hookup_bd.php:3) in Z:\home\ProjectX.org\www\PrX\library\hookup_bd.php on line 6

[08-Dec-2014 10:43:54 UTC] PHP Warning:  mysqli_connect() [<a href='function.mysqli-connect'>function.mysqli-connect</a>]: (28000/1045): Access denied for user 'BD35'@'localhost' (using password: YES) in Z:\home\ProjectX.org\www\PrX\library\hookup_bd.php on line 3

[08-Dec-2014 10:43:54 UTC] PHP Warning:  Cannot modify header information - headers already sent by (output started at Z:\home\ProjectX.org\www\PrX\library\hookup_bd.php:3) in Z:\home\ProjectX.org\www\PrX\library\hookup_bd.php on line 6

[08-Dec-2014 10:43:55 UTC] PHP Warning:  mysqli_connect() [<a href='function.mysqli-connect'>function.mysqli-connect</a>]: (28000/1045): Access denied for user 'BD35'@'localhost' (using password: YES) in Z:\home\ProjectX.org\www\PrX\library\hookup_bd.php on line 3

[08-Dec-2014 10:43:55 UTC] PHP Warning:  Cannot modify header information - headers already sent by (output started at Z:\home\ProjectX.org\www\PrX\library\hookup_bd.php:3) in Z:\home\ProjectX.org\www\PrX\library\hookup_bd.php on line 6

[08-Dec-2014 10:43:55 UTC] PHP Warning:  mysqli_connect() [<a href='function.mysqli-connect'>function.mysqli-connect</a>]: (28000/1045): Access denied for user 'BD35'@'localhost' (using password: YES) in Z:\home\ProjectX.org\www\PrX\library\hookup_bd.php on line 3

[08-Dec-2014 10:43:55 UTC] PHP Warning:  Cannot modify header information - headers already sent by (output started at Z:\home\ProjectX.org\www\PrX\library\hookup_bd.php:3) in Z:\home\ProjectX.org\www\PrX\library\hookup_bd.php on line 6

[08-Dec-2014 11:17:13 UTC] PHP Warning:  mysqli_connect() [<a href='function.mysqli-connect'>function.mysqli-connect</a>]: (28000/1045): Access denied for user 'BD35'@'localhost' (using password: YES) in Z:\home\ProjectX.org\www\PrX\library\hookup_bd.php on line 2

[08-Dec-2014 11:17:13 UTC] PHP Warning:  Cannot modify header information - headers already sent by (output started at Z:\home\ProjectX.org\www\PrX\library\hookup_bd.php:2) in Z:\home\ProjectX.org\www\PrX\library\hookup_bd.php on line 5

[08-Dec-2014 11:33:43 UTC] PHP Warning:  mysqli_connect() [<a href='function.mysqli-connect'>function.mysqli-connect</a>]: (28000/1045): Access denied for user 'BD35'@'localhost' (using password: YES) in Z:\home\ProjectX.org\www\PrX\library\hookup_bd.php on line 2

[08-Dec-2014 11:33:43 UTC] PHP Warning:  Cannot modify header information - headers already sent by (output started at Z:\home\ProjectX.org\www\PrX\library\hookup_bd.php:2) in Z:\home\ProjectX.org\www\PrX\library\hookup_bd.php on line 5

[08-Dec-2014 11:33:43 UTC] PHP Warning:  mysqli_connect() [<a href='function.mysqli-connect'>function.mysqli-connect</a>]: (28000/1045): Access denied for user 'BD35'@'localhost' (using password: YES) in Z:\home\ProjectX.org\www\PrX\library\hookup_bd.php on line 2

[08-Dec-2014 11:33:43 UTC] PHP Warning:  Cannot modify header information - headers already sent by (output started at Z:\home\ProjectX.org\www\PrX\library\hookup_bd.php:2) in Z:\home\ProjectX.org\www\PrX\library\hookup_bd.php on line 5

[08-Dec-2014 11:33:44 UTC] PHP Warning:  mysqli_connect() [<a href='function.mysqli-connect'>function.mysqli-connect</a>]: (28000/1045): Access denied for user 'BD35'@'localhost' (using password: YES) in Z:\home\ProjectX.org\www\PrX\library\hookup_bd.php on line 2

[08-Dec-2014 11:33:44 UTC] PHP Warning:  Cannot modify header information - headers already sent by (output started at Z:\home\ProjectX.org\www\PrX\library\hookup_bd.php:2) in Z:\home\ProjectX.org\www\PrX\library\hookup_bd.php on line 5

[08-Dec-2014 11:33:44 UTC] PHP Warning:  mysqli_connect() [<a href='function.mysqli-connect'>function.mysqli-connect</a>]: (28000/1045): Access denied for user 'BD35'@'localhost' (using password: YES) in Z:\home\ProjectX.org\www\PrX\library\hookup_bd.php on line 2

[08-Dec-2014 11:33:44 UTC] PHP Warning:  Cannot modify header information - headers already sent by (output started at Z:\home\ProjectX.org\www\PrX\library\hookup_bd.php:2) in Z:\home\ProjectX.org\www\PrX\library\hookup_bd.php on line 5

[08-Dec-2014 11:33:45 UTC] PHP Warning:  mysqli_connect() [<a href='function.mysqli-connect'>function.mysqli-connect</a>]: (28000/1045): Access denied for user 'BD35'@'localhost' (using password: YES) in Z:\home\ProjectX.org\www\PrX\library\hookup_bd.php on line 2

[08-Dec-2014 11:33:45 UTC] PHP Warning:  Cannot modify header information - headers already sent by (output started at Z:\home\ProjectX.org\www\PrX\library\hookup_bd.php:2) in Z:\home\ProjectX.org\www\PrX\library\hookup_bd.php on line 5

[08-Dec-2014 11:35:48 UTC] PHP Warning:  mysqli_connect() [<a href='function.mysqli-connect'>function.mysqli-connect</a>]: (28000/1045): Access denied for user 'BD35'@'localhost' (using password: YES) in Z:\home\ProjectX.org\www\PrX\library\hookup_bd.php on line 2

[08-Dec-2014 11:35:48 UTC] PHP Warning:  Cannot modify header information - headers already sent by (output started at Z:\home\ProjectX.org\www\PrX\library\hookup_bd.php:2) in Z:\home\ProjectX.org\www\PrX\library\hookup_bd.php on line 5

[08-Dec-2014 11:35:48 UTC] PHP Warning:  mysqli_connect() [<a href='function.mysqli-connect'>function.mysqli-connect</a>]: (28000/1045): Access denied for user 'BD35'@'localhost' (using password: YES) in Z:\home\ProjectX.org\www\PrX\library\hookup_bd.php on line 2

[08-Dec-2014 11:35:48 UTC] PHP Warning:  Cannot modify header information - headers already sent by (output started at Z:\home\ProjectX.org\www\PrX\library\hookup_bd.php:2) in Z:\home\ProjectX.org\www\PrX\library\hookup_bd.php on line 5

[08-Dec-2014 11:35:49 UTC] PHP Warning:  mysqli_connect() [<a href='function.mysqli-connect'>function.mysqli-connect</a>]: (28000/1045): Access denied for user 'BD35'@'localhost' (using password: YES) in Z:\home\ProjectX.org\www\PrX\library\hookup_bd.php on line 2

[08-Dec-2014 11:35:49 UTC] PHP Warning:  Cannot modify header information - headers already sent by (output started at Z:\home\ProjectX.org\www\PrX\library\hookup_bd.php:2) in Z:\home\ProjectX.org\www\PrX\library\hookup_bd.php on line 5

[08-Dec-2014 11:35:50 UTC] PHP Warning:  mysqli_connect() [<a href='function.mysqli-connect'>function.mysqli-connect</a>]: (28000/1045): Access denied for user 'BD35'@'localhost' (using password: YES) in Z:\home\ProjectX.org\www\PrX\library\hookup_bd.php on line 2

[08-Dec-2014 11:35:50 UTC] PHP Warning:  Cannot modify header information - headers already sent by (output started at Z:\home\ProjectX.org\www\PrX\library\hookup_bd.php:2) in Z:\home\ProjectX.org\www\PrX\library\hookup_bd.php on line 5

[08-Dec-2014 11:35:50 UTC] PHP Warning:  mysqli_connect() [<a href='function.mysqli-connect'>function.mysqli-connect</a>]: (28000/1045): Access denied for user 'BD35'@'localhost' (using password: YES) in Z:\home\ProjectX.org\www\PrX\library\hookup_bd.php on line 2

[08-Dec-2014 11:35:50 UTC] PHP Warning:  Cannot modify header information - headers already sent by (output started at Z:\home\ProjectX.org\www\PrX\library\hookup_bd.php:2) in Z:\home\ProjectX.org\www\PrX\library\hookup_bd.php on line 5

[08-Dec-2014 11:35:51 UTC] PHP Warning:  mysqli_connect() [<a href='function.mysqli-connect'>function.mysqli-connect</a>]: (28000/1045): Access denied for user 'BD35'@'localhost' (using password: YES) in Z:\home\ProjectX.org\www\PrX\library\hookup_bd.php on line 2

[08-Dec-2014 11:35:51 UTC] PHP Warning:  Cannot modify header information - headers already sent by (output started at Z:\home\ProjectX.org\www\PrX\library\hookup_bd.php:2) in Z:\home\ProjectX.org\www\PrX\library\hookup_bd.php on line 5

[08-Dec-2014 11:35:51 UTC] PHP Warning:  mysqli_connect() [<a href='function.mysqli-connect'>function.mysqli-connect</a>]: (28000/1045): Access denied for user 'BD35'@'localhost' (using password: YES) in Z:\home\ProjectX.org\www\PrX\library\hookup_bd.php on line 2

[08-Dec-2014 11:35:51 UTC] PHP Warning:  Cannot modify header information - headers already sent by (output started at Z:\home\ProjectX.org\www\PrX\library\hookup_bd.php:2) in Z:\home\ProjectX.org\www\PrX\library\hookup_bd.php on line 5

[08-Dec-2014 11:35:51 UTC] PHP Warning:  mysqli_connect() [<a href='function.mysqli-connect'>function.mysqli-connect</a>]: (28000/1045): Access denied for user 'BD35'@'localhost' (using password: YES) in Z:\home\ProjectX.org\www\PrX\library\hookup_bd.php on line 2

[08-Dec-2014 11:35:52 UTC] PHP Warning:  Cannot modify header information - headers already sent by (output started at Z:\home\ProjectX.org\www\PrX\library\hookup_bd.php:2) in Z:\home\ProjectX.org\www\PrX\library\hookup_bd.php on line 5

[08-Dec-2014 11:35:52 UTC] PHP Warning:  mysqli_connect() [<a href='function.mysqli-connect'>function.mysqli-connect</a>]: (28000/1045): Access denied for user 'BD35'@'localhost' (using password: YES) in Z:\home\ProjectX.org\www\PrX\library\hookup_bd.php on line 2

[08-Dec-2014 11:35:52 UTC] PHP Warning:  Cannot modify header information - headers already sent by (output started at Z:\home\ProjectX.org\www\PrX\library\hookup_bd.php:2) in Z:\home\ProjectX.org\www\PrX\library\hookup_bd.php on line 5

[08-Dec-2014 11:35:52 UTC] PHP Warning:  mysqli_connect() [<a href='function.mysqli-connect'>function.mysqli-connect</a>]: (28000/1045): Access denied for user 'BD35'@'localhost' (using password: YES) in Z:\home\ProjectX.org\www\PrX\library\hookup_bd.php on line 2

[08-Dec-2014 11:35:52 UTC] PHP Warning:  Cannot modify header information - headers already sent by (output started at Z:\home\ProjectX.org\www\PrX\library\hookup_bd.php:2) in Z:\home\ProjectX.org\www\PrX\library\hookup_bd.php on line 5

[08-Dec-2014 11:35:53 UTC] PHP Warning:  mysqli_connect() [<a href='function.mysqli-connect'>function.mysqli-connect</a>]: (28000/1045): Access denied for user 'BD35'@'localhost' (using password: YES) in Z:\home\ProjectX.org\www\PrX\library\hookup_bd.php on line 2

[08-Dec-2014 11:35:53 UTC] PHP Warning:  Cannot modify header information - headers already sent by (output started at Z:\home\ProjectX.org\www\PrX\library\hookup_bd.php:2) in Z:\home\ProjectX.org\www\PrX\library\hookup_bd.php on line 5

[08-Dec-2014 11:38:07 UTC] PHP Warning:  mysqli_connect() [<a href='function.mysqli-connect'>function.mysqli-connect</a>]: (28000/1045): Access denied for user 'BD35'@'localhost' (using password: YES) in Z:\home\ProjectX.org\www\PrX\library\hookup_bd.php on line 2

[08-Dec-2014 11:38:07 UTC] PHP Warning:  Cannot modify header information - headers already sent by (output started at Z:\home\ProjectX.org\www\PrX\library\hookup_bd.php:2) in Z:\home\ProjectX.org\www\PrX\library\hookup_bd.php on line 5

[08-Dec-2014 11:38:43 UTC] PHP Warning:  mysqli_connect() [<a href='function.mysqli-connect'>function.mysqli-connect</a>]: (28000/1045): Access denied for user 'BD35'@'localhost' (using password: YES) in Z:\home\ProjectX.org\www\PrX\library\hookup_bd.php on line 2

[08-Dec-2014 11:38:46 UTC] PHP Warning:  mysqli_connect() [<a href='function.mysqli-connect'>function.mysqli-connect</a>]: (28000/1045): Access denied for user 'BD35'@'localhost' (using password: YES) in Z:\home\ProjectX.org\www\PrX\library\hookup_bd.php on line 2

[08-Dec-2014 11:38:47 UTC] PHP Warning:  mysqli_connect() [<a href='function.mysqli-connect'>function.mysqli-connect</a>]: (28000/1045): Access denied for user 'BD35'@'localhost' (using password: YES) in Z:\home\ProjectX.org\www\PrX\library\hookup_bd.php on line 2

[08-Dec-2014 11:38:49 UTC] PHP Warning:  mysqli_connect() [<a href='function.mysqli-connect'>function.mysqli-connect</a>]: (28000/1045): Access denied for user 'BD35'@'localhost' (using password: YES) in Z:\home\ProjectX.org\www\PrX\library\hookup_bd.php on line 2

[08-Dec-2014 11:38:50 UTC] PHP Warning:  mysqli_connect() [<a href='function.mysqli-connect'>function.mysqli-connect</a>]: (28000/1045): Access denied for user 'BD35'@'localhost' (using password: YES) in Z:\home\ProjectX.org\www\PrX\library\hookup_bd.php on line 2

[08-Dec-2014 11:42:29 UTC] PHP Warning:  mysqli_connect() [<a href='function.mysqli-connect'>function.mysqli-connect</a>]: (28000/1045): Access denied for user 'BD35'@'localhost' (using password: YES) in Z:\home\ProjectX.org\www\PrX\library\hookup_bd.php on line 2

[08-Dec-2014 11:43:48 UTC] PHP Warning:  mysqli_connect() [<a href='function.mysqli-connect'>function.mysqli-connect</a>]: (28000/1045): Access denied for user 'BD35'@'localhost' (using password: YES) in Z:\home\ProjectX.org\www\PrX\library\hookup_bd.php on line 2

[08-Dec-2014 11:50:12 UTC] PHP Warning:  mysqli_connect() [<a href='function.mysqli-connect'>function.mysqli-connect</a>]: (28000/1045): Access denied for user 'BD35'@'localhost' (using password: YES) in Z:\home\ProjectX.org\www\PrX\library\hookup_bd.php on line 2

[08-Dec-2014 11:50:12 UTC] PHP Warning:  mysqli_connect() [<a href='function.mysqli-connect'>function.mysqli-connect</a>]: (28000/1045): Access denied for user 'BD35'@'localhost' (using password: YES) in Z:\home\ProjectX.org\www\PrX\library\hookup_bd.php on line 2

[08-Dec-2014 11:50:13 UTC] PHP Warning:  mysqli_connect() [<a href='function.mysqli-connect'>function.mysqli-connect</a>]: (28000/1045): Access denied for user 'BD35'@'localhost' (using password: YES) in Z:\home\ProjectX.org\www\PrX\library\hookup_bd.php on line 2

[08-Dec-2014 11:50:13 UTC] PHP Warning:  mysqli_connect() [<a href='function.mysqli-connect'>function.mysqli-connect</a>]: (28000/1045): Access denied for user 'BD35'@'localhost' (using password: YES) in Z:\home\ProjectX.org\www\PrX\library\hookup_bd.php on line 2

[08-Dec-2014 11:50:14 UTC] PHP Warning:  mysqli_connect() [<a href='function.mysqli-connect'>function.mysqli-connect</a>]: (28000/1045): Access denied for user 'BD35'@'localhost' (using password: YES) in Z:\home\ProjectX.org\www\PrX\library\hookup_bd.php on line 2

[08-Dec-2014 11:50:14 UTC] PHP Warning:  mysqli_connect() [<a href='function.mysqli-connect'>function.mysqli-connect</a>]: (28000/1045): Access denied for user 'BD35'@'localhost' (using password: YES) in Z:\home\ProjectX.org\www\PrX\library\hookup_bd.php on line 2

[08-Dec-2014 11:50:14 UTC] PHP Warning:  mysqli_connect() [<a href='function.mysqli-connect'>function.mysqli-connect</a>]: (28000/1045): Access denied for user 'BD35'@'localhost' (using password: YES) in Z:\home\ProjectX.org\www\PrX\library\hookup_bd.php on line 2

[08-Dec-2014 11:50:14 UTC] PHP Warning:  mysqli_connect() [<a href='function.mysqli-connect'>function.mysqli-connect</a>]: (28000/1045): Access denied for user 'BD35'@'localhost' (using password: YES) in Z:\home\ProjectX.org\www\PrX\library\hookup_bd.php on line 2

[08-Dec-2014 11:50:14 UTC] PHP Warning:  mysqli_connect() [<a href='function.mysqli-connect'>function.mysqli-connect</a>]: (28000/1045): Access denied for user 'BD35'@'localhost' (using password: YES) in Z:\home\ProjectX.org\www\PrX\library\hookup_bd.php on line 2

[08-Dec-2014 11:50:15 UTC] PHP Warning:  mysqli_connect() [<a href='function.mysqli-connect'>function.mysqli-connect</a>]: (28000/1045): Access denied for user 'BD35'@'localhost' (using password: YES) in Z:\home\ProjectX.org\www\PrX\library\hookup_bd.php on line 2

[08-Dec-2014 11:50:15 UTC] PHP Warning:  mysqli_connect() [<a href='function.mysqli-connect'>function.mysqli-connect</a>]: (28000/1045): Access denied for user 'BD35'@'localhost' (using password: YES) in Z:\home\ProjectX.org\www\PrX\library\hookup_bd.php on line 2

[08-Dec-2014 11:50:44 UTC] PHP Warning:  mysqli_connect() [<a href='function.mysqli-connect'>function.mysqli-connect</a>]: (28000/1045): Access denied for user 'BD35'@'localhost' (using password: YES) in Z:\home\ProjectX.org\www\PrX\library\hookup_bd.php on line 2

[08-Dec-2014 11:50:44 UTC] PHP Warning:  mysqli_connect() [<a href='function.mysqli-connect'>function.mysqli-connect</a>]: (28000/1045): Access denied for user 'BD35'@'localhost' (using password: YES) in Z:\home\ProjectX.org\www\PrX\library\hookup_bd.php on line 2

[08-Dec-2014 11:50:44 UTC] PHP Warning:  mysqli_connect() [<a href='function.mysqli-connect'>function.mysqli-connect</a>]: (28000/1045): Access denied for user 'BD35'@'localhost' (using password: YES) in Z:\home\ProjectX.org\www\PrX\library\hookup_bd.php on line 2

[08-Dec-2014 11:50:44 UTC] PHP Warning:  mysqli_connect() [<a href='function.mysqli-connect'>function.mysqli-connect</a>]: (28000/1045): Access denied for user 'BD35'@'localhost' (using password: YES) in Z:\home\ProjectX.org\www\PrX\library\hookup_bd.php on line 2

[08-Dec-2014 11:50:44 UTC] PHP Warning:  mysqli_connect() [<a href='function.mysqli-connect'>function.mysqli-connect</a>]: (28000/1045): Access denied for user 'BD35'@'localhost' (using password: YES) in Z:\home\ProjectX.org\www\PrX\library\hookup_bd.php on line 2

[08-Dec-2014 11:50:44 UTC] PHP Warning:  mysqli_connect() [<a href='function.mysqli-connect'>function.mysqli-connect</a>]: (28000/1045): Access denied for user 'BD35'@'localhost' (using password: YES) in Z:\home\ProjectX.org\www\PrX\library\hookup_bd.php on line 2

[08-Dec-2014 11:50:44 UTC] PHP Warning:  mysqli_connect() [<a href='function.mysqli-connect'>function.mysqli-connect</a>]: (28000/1045): Access denied for user 'BD35'@'localhost' (using password: YES) in Z:\home\ProjectX.org\www\PrX\library\hookup_bd.php on line 2

[08-Dec-2014 11:50:44 UTC] PHP Warning:  mysqli_connect() [<a href='function.mysqli-connect'>function.mysqli-connect</a>]: (28000/1045): Access denied for user 'BD35'@'localhost' (using password: YES) in Z:\home\ProjectX.org\www\PrX\library\hookup_bd.php on line 2

[08-Dec-2014 11:50:44 UTC] PHP Warning:  mysqli_connect() [<a href='function.mysqli-connect'>function.mysqli-connect</a>]: (28000/1045): Access denied for user 'BD35'@'localhost' (using password: YES) in Z:\home\ProjectX.org\www\PrX\library\hookup_bd.php on line 2

[08-Dec-2014 11:50:44 UTC] PHP Warning:  mysqli_connect() [<a href='function.mysqli-connect'>function.mysqli-connect</a>]: (28000/1045): Access denied for user 'BD35'@'localhost' (using password: YES) in Z:\home\ProjectX.org\www\PrX\library\hookup_bd.php on line 2

[08-Dec-2014 11:50:44 UTC] PHP Warning:  mysqli_connect() [<a href='function.mysqli-connect'>function.mysqli-connect</a>]: (28000/1045): Access denied for user 'BD35'@'localhost' (using password: YES) in Z:\home\ProjectX.org\www\PrX\library\hookup_bd.php on line 2

[08-Dec-2014 11:50:44 UTC] PHP Warning:  mysqli_connect() [<a href='function.mysqli-connect'>function.mysqli-connect</a>]: (28000/1045): Access denied for user 'BD35'@'localhost' (using password: YES) in Z:\home\ProjectX.org\www\PrX\library\hookup_bd.php on line 2

[08-Dec-2014 11:50:44 UTC] PHP Warning:  mysqli_connect() [<a href='function.mysqli-connect'>function.mysqli-connect</a>]: (28000/1045): Access denied for user 'BD35'@'localhost' (using password: YES) in Z:\home\ProjectX.org\www\PrX\library\hookup_bd.php on line 2

[08-Dec-2014 11:50:44 UTC] PHP Warning:  mysqli_connect() [<a href='function.mysqli-connect'>function.mysqli-connect</a>]: (28000/1045): Access denied for user 'BD35'@'localhost' (using password: YES) in Z:\home\ProjectX.org\www\PrX\library\hookup_bd.php on line 2

[08-Dec-2014 11:50:44 UTC] PHP Warning:  mysqli_connect() [<a href='function.mysqli-connect'>function.mysqli-connect</a>]: (28000/1045): Access denied for user 'BD35'@'localhost' (using password: YES) in Z:\home\ProjectX.org\www\PrX\library\hookup_bd.php on line 2

[08-Dec-2014 11:50:44 UTC] PHP Warning:  mysqli_connect() [<a href='function.mysqli-connect'>function.mysqli-connect</a>]: (28000/1045): Access denied for user 'BD35'@'localhost' (using password: YES) in Z:\home\ProjectX.org\www\PrX\library\hookup_bd.php on line 2

[08-Dec-2014 11:50:44 UTC] PHP Warning:  mysqli_connect() [<a href='function.mysqli-connect'>function.mysqli-connect</a>]: (28000/1045): Access denied for user 'BD35'@'localhost' (using password: YES) in Z:\home\ProjectX.org\www\PrX\library\hookup_bd.php on line 2

[08-Dec-2014 11:50:44 UTC] PHP Warning:  mysqli_connect() [<a href='function.mysqli-connect'>function.mysqli-connect</a>]: (28000/1045): Access denied for user 'BD35'@'localhost' (using password: YES) in Z:\home\ProjectX.org\www\PrX\library\hookup_bd.php on line 2

[08-Dec-2014 11:50:44 UTC] PHP Warning:  mysqli_connect() [<a href='function.mysqli-connect'>function.mysqli-connect</a>]: (28000/1045): Access denied for user 'BD35'@'localhost' (using password: YES) in Z:\home\ProjectX.org\www\PrX\library\hookup_bd.php on line 2

[08-Dec-2014 11:50:44 UTC] PHP Warning:  mysqli_connect() [<a href='function.mysqli-connect'>function.mysqli-connect</a>]: (28000/1045): Access denied for user 'BD35'@'localhost' (using password: YES) in Z:\home\ProjectX.org\www\PrX\library\hookup_bd.php on line 2

[08-Dec-2014 11:50:44 UTC] PHP Warning:  mysqli_connect() [<a href='function.mysqli-connect'>function.mysqli-connect</a>]: (28000/1045): Access denied for user 'BD35'@'localhost' (using password: YES) in Z:\home\ProjectX.org\www\PrX\library\hookup_bd.php on line 2

[08-Dec-2014 11:53:00 UTC] PHP Warning:  include_once(PrX/library/error.php) [<a href='function.include-once'>function.include-once</a>]: failed to open stream: No such file or directory in Z:\home\ProjectX.org\www\index.php on line 2

[08-Dec-2014 11:53:00 UTC] PHP Warning:  include_once() [<a href='function.include'>function.include</a>]: Failed opening 'PrX/library/error.php' for inclusion (include_path='.;C:\php\pear') in Z:\home\ProjectX.org\www\index.php on line 2

[08-Dec-2014 11:53:00 UTC] PHP Warning:  mysqli_connect() [<a href='function.mysqli-connect'>function.mysqli-connect</a>]: (28000/1045): Access denied for user 'BD35'@'localhost' (using password: YES) in Z:\home\ProjectX.org\www\PrX\library\hookup_bd.php on line 2

[08-Dec-2014 11:53:04 UTC] PHP Warning:  include_once(PrX/library/error.php) [<a href='function.include-once'>function.include-once</a>]: failed to open stream: No such file or directory in Z:\home\ProjectX.org\www\index.php on line 2

[08-Dec-2014 11:53:04 UTC] PHP Warning:  include_once() [<a href='function.include'>function.include</a>]: Failed opening 'PrX/library/error.php' for inclusion (include_path='.;C:\php\pear') in Z:\home\ProjectX.org\www\index.php on line 2

[08-Dec-2014 11:53:04 UTC] PHP Warning:  mysqli_connect() [<a href='function.mysqli-connect'>function.mysqli-connect</a>]: (28000/1045): Access denied for user 'BD35'@'localhost' (using password: YES) in Z:\home\ProjectX.org\www\PrX\library\hookup_bd.php on line 2

[08-Dec-2014 11:53:06 UTC] PHP Warning:  include_once(PrX/library/error.php) [<a href='function.include-once'>function.include-once</a>]: failed to open stream: No such file or directory in Z:\home\ProjectX.org\www\index.php on line 2

[08-Dec-2014 11:53:06 UTC] PHP Warning:  include_once() [<a href='function.include'>function.include</a>]: Failed opening 'PrX/library/error.php' for inclusion (include_path='.;C:\php\pear') in Z:\home\ProjectX.org\www\index.php on line 2

[08-Dec-2014 11:53:06 UTC] PHP Warning:  mysqli_connect() [<a href='function.mysqli-connect'>function.mysqli-connect</a>]: (28000/1045): Access denied for user 'BD35'@'localhost' (using password: YES) in Z:\home\ProjectX.org\www\PrX\library\hookup_bd.php on line 2

[08-Dec-2014 11:53:07 UTC] PHP Warning:  include_once(PrX/library/error.php) [<a href='function.include-once'>function.include-once</a>]: failed to open stream: No such file or directory in Z:\home\ProjectX.org\www\index.php on line 2

[08-Dec-2014 11:53:07 UTC] PHP Warning:  include_once() [<a href='function.include'>function.include</a>]: Failed opening 'PrX/library/error.php' for inclusion (include_path='.;C:\php\pear') in Z:\home\ProjectX.org\www\index.php on line 2

[08-Dec-2014 11:53:07 UTC] PHP Warning:  mysqli_connect() [<a href='function.mysqli-connect'>function.mysqli-connect</a>]: (28000/1045): Access denied for user 'BD35'@'localhost' (using password: YES) in Z:\home\ProjectX.org\www\PrX\library\hookup_bd.php on line 2

[08-Dec-2014 11:53:08 UTC] PHP Warning:  include_once(PrX/library/error.php) [<a href='function.include-once'>function.include-once</a>]: failed to open stream: No such file or directory in Z:\home\ProjectX.org\www\index.php on line 2

[08-Dec-2014 11:53:08 UTC] PHP Warning:  include_once() [<a href='function.include'>function.include</a>]: Failed opening 'PrX/library/error.php' for inclusion (include_path='.;C:\php\pear') in Z:\home\ProjectX.org\www\index.php on line 2

[08-Dec-2014 11:53:08 UTC] PHP Warning:  mysqli_connect() [<a href='function.mysqli-connect'>function.mysqli-connect</a>]: (28000/1045): Access denied for user 'BD35'@'localhost' (using password: YES) in Z:\home\ProjectX.org\www\PrX\library\hookup_bd.php on line 2

[08-Dec-2014 11:53:08 UTC] PHP Warning:  include_once(PrX/library/error.php) [<a href='function.include-once'>function.include-once</a>]: failed to open stream: No such file or directory in Z:\home\ProjectX.org\www\index.php on line 2

[08-Dec-2014 11:53:08 UTC] PHP Warning:  include_once() [<a href='function.include'>function.include</a>]: Failed opening 'PrX/library/error.php' for inclusion (include_path='.;C:\php\pear') in Z:\home\ProjectX.org\www\index.php on line 2

[08-Dec-2014 11:53:08 UTC] PHP Warning:  mysqli_connect() [<a href='function.mysqli-connect'>function.mysqli-connect</a>]: (28000/1045): Access denied for user 'BD35'@'localhost' (using password: YES) in Z:\home\ProjectX.org\www\PrX\library\hookup_bd.php on line 2

[08-Dec-2014 11:53:20 UTC] PHP Warning:  include_once(PrX/library/error.php) [<a href='function.include-once'>function.include-once</a>]: failed to open stream: No such file or directory in Z:\home\ProjectX.org\www\index.php on line 2

[08-Dec-2014 11:53:20 UTC] PHP Warning:  include_once() [<a href='function.include'>function.include</a>]: Failed opening 'PrX/library/error.php' for inclusion (include_path='.;C:\php\pear') in Z:\home\ProjectX.org\www\index.php on line 2

[08-Dec-2014 11:53:20 UTC] PHP Warning:  mysqli_connect() [<a href='function.mysqli-connect'>function.mysqli-connect</a>]: (28000/1045): Access denied for user 'BD35'@'localhost' (using password: YES) in Z:\home\ProjectX.org\www\PrX\library\hookup_bd.php on line 2

[08-Dec-2014 11:54:25 UTC] PHP Warning:  mysqli_connect() [<a href='function.mysqli-connect'>function.mysqli-connect</a>]: (28000/1045): Access denied for user 'BD35'@'localhost' (using password: YES) in Z:\home\ProjectX.org\www\PrX\library\hookup_bd.php on line 2

[08-Dec-2014 11:54:40 UTC] PHP Warning:  mysqli_connect() [<a href='function.mysqli-connect'>function.mysqli-connect</a>]: (28000/1045): Access denied for user 'BD35'@'localhost' (using password: YES) in Z:\home\ProjectX.org\www\PrX\library\hookup_bd.php on line 2

[08-Dec-2014 11:54:43 UTC] PHP Warning:  mysqli_connect() [<a href='function.mysqli-connect'>function.mysqli-connect</a>]: (28000/1045): Access denied for user 'BD35'@'localhost' (using password: YES) in Z:\home\ProjectX.org\www\PrX\library\hookup_bd.php on line 2

[08-Dec-2014 11:54:43 UTC] PHP Warning:  mysqli_connect() [<a href='function.mysqli-connect'>function.mysqli-connect</a>]: (28000/1045): Access denied for user 'BD35'@'localhost' (using password: YES) in Z:\home\ProjectX.org\www\PrX\library\hookup_bd.php on line 2

[08-Dec-2014 11:54:44 UTC] PHP Warning:  mysqli_connect() [<a href='function.mysqli-connect'>function.mysqli-connect</a>]: (28000/1045): Access denied for user 'BD35'@'localhost' (using password: YES) in Z:\home\ProjectX.org\www\PrX\library\hookup_bd.php on line 2

[08-Dec-2014 11:54:44 UTC] PHP Warning:  mysqli_connect() [<a href='function.mysqli-connect'>function.mysqli-connect</a>]: (28000/1045): Access denied for user 'BD35'@'localhost' (using password: YES) in Z:\home\ProjectX.org\www\PrX\library\hookup_bd.php on line 2

[08-Dec-2014 11:54:44 UTC] PHP Warning:  mysqli_connect() [<a href='function.mysqli-connect'>function.mysqli-connect</a>]: (28000/1045): Access denied for user 'BD35'@'localhost' (using password: YES) in Z:\home\ProjectX.org\www\PrX\library\hookup_bd.php on line 2

[08-Dec-2014 11:54:45 UTC] PHP Warning:  mysqli_connect() [<a href='function.mysqli-connect'>function.mysqli-connect</a>]: (28000/1045): Access denied for user 'BD35'@'localhost' (using password: YES) in Z:\home\ProjectX.org\www\PrX\library\hookup_bd.php on line 2

[08-Dec-2014 11:54:45 UTC] PHP Warning:  mysqli_connect() [<a href='function.mysqli-connect'>function.mysqli-connect</a>]: (28000/1045): Access denied for user 'BD35'@'localhost' (using password: YES) in Z:\home\ProjectX.org\www\PrX\library\hookup_bd.php on line 2

[08-Dec-2014 11:57:11 UTC] PHP Warning:  mysqli_connect() [<a href='function.mysqli-connect'>function.mysqli-connect</a>]: (28000/1045): Access denied for user 'BD35'@'localhost' (using password: YES) in Z:\home\ProjectX.org\www\PrX\library\hookup_bd.php on line 2

[08-Dec-2014 23:12:40] PHP Warning:  mysqli_connect() [<a href='function.mysqli-connect'>function.mysqli-connect</a>]: (28000/1045): Access denied for user 'BD365'@'localhost' (using password: YES) in Z:\home\test1.ru\www\PrX\library\hookup_bd.php on line 2

[08-Dec-2014 23:13:07] PHP Warning:  mysqli_connect() [<a href='function.mysqli-connect'>function.mysqli-connect</a>]: (28000/1045): Access denied for user 'BD365'@'localhost' (using password: YES) in Z:\home\test1.ru\www\PrX\library\hookup_bd.php on line 2

[08-Dec-2014 23:13:24] PHP Warning:  mysqli_connect() [<a href='function.mysqli-connect'>function.mysqli-connect</a>]: (28000/1045): Access denied for user 'BD365'@'localhost' (using password: YES) in Z:\home\test1.ru\www\PrX\library\hookup_bd.php on line 2

[08-Dec-2014 23:14:43] PHP Warning:  mysqli_connect() [<a href='function.mysqli-connect'>function.mysqli-connect</a>]: (28000/1045): Access denied for user 'BD365'@'localhost' (using password: YES) in Z:\home\SITE\www\PrX\library\hookup_bd.php on line 2

[08-Dec-2014 23:16:50] PHP Warning:  mysqli_connect() [<a href='function.mysqli-connect'>function.mysqli-connect</a>]: (28000/1045): Access denied for user 'BD365'@'localhost' (using password: YES) in Z:\home\SITE\www\PrX\library\hookup_bd.php on line 2

[08-Dec-2014 23:16:50] PHP Warning:  Cannot modify header information - headers already sent by (output started at Z:\home\SITE\www\PrX\library\hookup_bd.php:2) in Z:\home\SITE\www\PrX\library\hookup_bd.php on line 4

